生成启动时间为 2016/11/4 21:23:15。
     1>项目“F:\Project\JobHunting\Cpp\HWsortstr\HWsortstr\HWsortstr.vcxproj”在节点 2 上(build 个目标)。
     1>PrepareForBuild:
         正在创建目录“F:\Project\JobHunting\Cpp\HWsortstr\Debug\”。
       InitializeBuildStatus:
         正在创建“Debug\HWsortstr.unsuccessfulbuild”，因为已指定“AlwaysCreate”。
       ClCompile:
         D:\Program Files\Microsoft Visual Studio 10.0\VC\bin\CL.exe /c /ZI /nologo /W3 /WX- /Od /Oy- /D _MBCS /Gm /EHsc /RTC1 /MDd /GS /fp:precise /Zc:wchar_t /Zc:forScope /Fo"Debug\\" /Fd"Debug\vc100.pdb" /Gd /TP /analyze- /errorReport:prompt HWsortstr.cpp
         HWsortstr.cpp
       Link:
         D:\Program Files\Microsoft Visual Studio 10.0\VC\bin\link.exe /ERRORREPORT:PROMPT /OUT:"F:\Project\JobHunting\Cpp\HWsortstr\Debug\HWsortstr.exe" /NOLOGO kernel32.lib user32.lib gdi32.lib winspool.lib comdlg32.lib advapi32.lib shell32.lib ole32.lib oleaut32.lib uuid.lib odbc32.lib odbccp32.lib /MANIFEST /ManifestFile:"Debug\HWsortstr.exe.intermediate.manifest" /MANIFESTUAC:"level='asInvoker' uiAccess='false'" /DEBUG /PDB:"F:\Project\JobHunting\Cpp\HWsortstr\Debug\HWsortstr.pdb" /TLBID:1 /DYNAMICBASE /NXCOMPAT /IMPLIB:"F:\Project\JobHunting\Cpp\HWsortstr\Debug\HWsortstr.lib" /MACHINE:X86 Debug\HWsortstr.obj
         HWsortstr.vcxproj -> F:\Project\JobHunting\Cpp\HWsortstr\Debug\HWsortstr.exe
       Manifest:
         C:\Program Files\Microsoft SDKs\Windows\v7.0A\bin\mt.exe /nologo /verbose /outputresource:"F:\Project\JobHunting\Cpp\HWsortstr\Debug\HWsortstr.exe;#1" /manifest Debug\HWsortstr.exe.intermediate.manifest
       FinalizeBuildStatus:
         正在删除文件“Debug\HWsortstr.unsuccessfulbuild”。
         正在对“Debug\HWsortstr.lastbuildstate”执行 Touch 任务。
     1>已完成生成项目“F:\Project\JobHunting\Cpp\HWsortstr\HWsortstr\HWsortstr.vcxproj”(build 个目标)的操作。

生成成功。

已用时间 00:00:01.12
